#
# A fatal error has been detected by the Java Runtime Environment:
#
#  EXCEPTION_ACCESS_VIOLATION (0xc0000005) at pc=0x0000000054e682b5, pid=28844, tid=29356
#
# JRE version: Java(TM) SE Runtime Environment (8.0_45-b15) (build 1.8.0_45-b15)
# Java VM: Java HotSpot(TM) 64-Bit Server VM (25.45-b02 mixed mode windows-amd64 compressed oops)
# Problematic frame:
# V  [jvm.dll+0x1282b5]
#
# Failed to write core dump. Minidumps are not enabled by default on client versions of Windows
#
# If you would like to submit a bug report, please visit:
#   http://bugreport.java.com/bugreport/crash.jsp
#

---------------  T H R E A D  ---------------

Current thread (0x0000000017671800):  JavaThread "JDWP Transport Listener: dt_socket" daemon [_thread_in_vm, id=29356, stack(0x0000000019000000,0x0000000019100000)]

siginfo: ExceptionCode=0xc0000005, reading address 0xffffffffffffffff

Registers:
RAX=0x00000000190ff501, RBX=0x0000000017671800, RCX=0x6d6d6f632f656863, RDX=0x0000000000000000
RSP=0x00000000190ff520, RBP=0x6d6d6f632f656863, RSI=0x00000000190ff638, RDI=0x00000000029f8620
R8 =0x0000000017671800, R9 =0x0000000000000000, R10=0x0000000000000000, R11=0x0000000000000064
R12=0x0000000000000000, R13=0x000000001767fe18, R14=0x0000000000000000, R15=0x0000000000000000
RIP=0x0000000054e682b5, EFLAGS=0x0000000000010206

Top of Stack: (sp=0x00000000190ff520)
0x00000000190ff520:   0000000017671800 0000000017671800
0x00000000190ff530:   00000000190ff5e8 000000005506c7db
0x00000000190ff540:   0000000017671800 000000005508903d
0x00000000190ff550:   0000000000000000 00000000548f9155
0x00000000190ff560:   0000000019d48470 000000005490291e
0x00000000190ff570:   0000000017671800 0000000000000000
0x00000000190ff580:   0000000000000000 0000000000000000
0x00000000190ff590:   6d6d6f632f656863 0000000054901a15
0x00000000190ff5a0:   00000000190ff638 00000000190ff610
0x00000000190ff5b0:   0000000000000001 0000000019d48470
0x00000000190ff5c0:   6d6d6f632f656863 00000000548e53b3
0x00000000190ff5d0:   00000000190ff700 0000000000000001
0x00000000190ff5e0:   0000000000000001 0000000019d48470
0x00000000190ff5f0:   00000000f000100a 0000000000000000
0x00000000190ff600:   0000000000000000 0000000000000000
0x00000000190ff610:   0000000000000001 00000000548e5571 

Instructions: (pc=0x0000000054e682b5)
0x0000000054e68295:   cc cc cc cc cc cc cc cc cc cc cc 48 83 ec 28 48
0x0000000054e682a5:   85 c9 75 07 33 c0 48 83 c4 28 c3 48 89 5c 24 20
0x0000000054e682b5:   48 8b 19 48 85 db 74 20 48 83 fb 37 74 1a 48 8b
0x0000000054e682c5:   13 48 8b cb ff 52 10 84 c0 74 0d 48 8b c3 48 8b 


Register to memory mapping:

RAX=0x00000000190ff501 is pointing into the stack for thread: 0x0000000017671800
RBX=0x0000000017671800 is a thread
RCX=0x6d6d6f632f656863 is an unknown value
RDX=0x0000000000000000 is an unknown value
RSP=0x00000000190ff520 is pointing into the stack for thread: 0x0000000017671800
RBP=0x6d6d6f632f656863 is an unknown value
RSI=0x00000000190ff638 is pointing into the stack for thread: 0x0000000017671800
RDI=0x00000000029f8620 is an unknown value
R8 =0x0000000017671800 is a thread
R9 =0x0000000000000000 is an unknown value
R10=0x0000000000000000 is an unknown value
R11=0x0000000000000064 is an unknown value
R12=0x0000000000000000 is an unknown value
R13=0x000000001767fe18 is an unknown value
R14=0x0000000000000000 is an unknown value
R15=0x0000000000000000 is an unknown value


Stack: [0x0000000019000000,0x0000000019100000],  sp=0x00000000190ff520,  free space=1021k
Native frames: (J=compiled Java code, j=interpreted, Vv=VM code, C=native code)
V  [jvm.dll+0x1282b5]
V  [jvm.dll+0x34903d]
C  [jdwp.dll+0x21a15]
C  [jdwp.dll+0x53b3]
C  [jdwp.dll+0x5571]
C  [jdwp.dll+0xf0a8]
C  [jdwp.dll+0x1f2d5]
C  [jdwp.dll+0x1f4aa]
V  [jvm.dll+0x1bae98]
V  [jvm.dll+0x241984]
V  [jvm.dll+0x29853a]
C  [msvcr100.dll+0x21d9f]
C  [msvcr100.dll+0x21e3b]
C  [KERNEL32.DLL+0x4d42]
C  [ntdll.dll+0x693a4]


---------------  P R O C E S S  ---------------

Java Threads: ( => current thread )
  0x0000000002a02800 JavaThread "DestroyJavaVM" [_thread_blocked, id=28244, stack(0x0000000002880000,0x0000000002980000)]
  0x0000000019d46000 JavaThread "AWT-EventQueue-0" [_thread_blocked, id=29488, stack(0x000000001b330000,0x000000001b430000)]
  0x0000000019c16800 JavaThread "AWT-Windows" daemon [_thread_in_native, id=29300, stack(0x000000001a6e0000,0x000000001a7e0000)]
  0x0000000019c16000 JavaThread "AWT-Shutdown" [_thread_blocked, id=29204, stack(0x000000001a5e0000,0x000000001a6e0000)]
  0x0000000019c15000 JavaThread "Java2D Disposer" daemon [_thread_blocked, id=29480, stack(0x000000001a4e0000,0x000000001a5e0000)]
  0x0000000019648000 JavaThread "Service Thread" daemon [_thread_blocked, id=26480, stack(0x0000000019a00000,0x0000000019b00000)]
  0x00000000176a2800 JavaThread "C1 CompilerThread2" daemon [_thread_blocked, id=29360, stack(0x0000000019500000,0x0000000019600000)]
  0x0000000017699800 JavaThread "C2 CompilerThread1" daemon [_thread_blocked, id=29368, stack(0x0000000019400000,0x0000000019500000)]
  0x0000000017694000 JavaThread "C2 CompilerThread0" daemon [_thread_blocked, id=29336, stack(0x0000000019300000,0x0000000019400000)]
  0x0000000017689000 JavaThread "JDWP Command Reader" daemon [_thread_in_native, id=29352, stack(0x0000000019200000,0x0000000019300000)]
  0x0000000017685800 JavaThread "JDWP Event Helper Thread" daemon [_thread_blocked, id=29344, stack(0x0000000019100000,0x0000000019200000)]
=>0x0000000017671800 JavaThread "JDWP Transport Listener: dt_socket" daemon [_thread_in_vm, id=29356, stack(0x0000000019000000,0x0000000019100000)]
  0x000000001766d800 JavaThread "Attach Listener" daemon [_thread_blocked, id=6152, stack(0x0000000018bc0000,0x0000000018cc0000)]
  0x000000001766c800 JavaThread "Signal Dispatcher" daemon [_thread_blocked, id=29296, stack(0x0000000018ac0000,0x0000000018bc0000)]
  0x0000000002af7000 JavaThread "Finalizer" daemon [_thread_blocked, id=29288, stack(0x00000000188c0000,0x00000000189c0000)]
  0x0000000002aee000 JavaThread "Reference Handler" daemon [_thread_blocked, id=10680, stack(0x00000000187c0000,0x00000000188c0000)]

Other Threads:
  0x0000000017638000 VMThread [stack: 0x00000000186c0000,0x00000000187c0000] [id=29320]
  0x0000000019648800 WatcherThread [stack: 0x0000000019b00000,0x0000000019c00000] [id=29332]

VM state:not at safepoint (normal execution)

VM Mutex/Monitor currently owned by a thread: None

Heap:
 PSYoungGen      total 38400K, used 12651K [0x00000000d5c00000, 0x00000000d8680000, 0x0000000100000000)
  eden space 33280K, 38% used [0x00000000d5c00000,0x00000000d685af10,0x00000000d7c80000)
  from space 5120K, 0% used [0x00000000d8180000,0x00000000d8180000,0x00000000d8680000)
  to   space 5120K, 0% used [0x00000000d7c80000,0x00000000d7c80000,0x00000000d8180000)
 ParOldGen       total 87552K, used 0K [0x0000000081400000, 0x0000000086980000, 0x00000000d5c00000)
  object space 87552K, 0% used [0x0000000081400000,0x0000000081400000,0x0000000086980000)
 Metaspace       used 12863K, capacity 13196K, committed 13312K, reserved 1060864K
  class space    used 1682K, capacity 1779K, committed 1792K, reserved 1048576K

Card table byte_map: [0x0000000011ec0000,0x00000000122c0000] byte_map_base: 0x0000000011ab6000

Marking Bits: (ParMarkBitMap*) 0x0000000055544040
 Begin Bits: [0x0000000012970000, 0x0000000014920000)
 End Bits:   [0x0000000014920000, 0x00000000168d0000)

Polling page: 0x0000000000d90000

CodeCache: size=245760Kb used=2714Kb max_used=2718Kb free=243045Kb
 bounds [0x0000000002b00000, 0x0000000002db0000, 0x0000000011b00000]
 total_blobs=1161 nmethods=699 adapters=383
 compilation: enabled

Compilation events (10 events):
Event: 9.302 Thread 0x00000000176a2800  696       3       sun.reflect.MagicAccessorImpl::<init> (5 bytes)
Event: 9.302 Thread 0x00000000176a2800 nmethod 696 0x0000000002da81d0 code [0x0000000002da8320, 0x0000000002da84d0]
Event: 9.309 Thread 0x00000000176a2800  697       3       javax.swing.text.GapContent$MarkVector::elementAt (43 bytes)
Event: 9.310 Thread 0x00000000176a2800 nmethod 697 0x0000000002da7a10 code [0x0000000002da7b80, 0x0000000002da8010]
Event: 9.311 Thread 0x00000000176a2800  699       1       javax.swing.text.AbstractDocument::getAttributeContext (5 bytes)
Event: 9.312 Thread 0x00000000176a2800 nmethod 699 0x0000000002da73d0 code [0x0000000002da7520, 0x0000000002da7630]
Event: 9.313 Thread 0x00000000176a2800  700       3       java.lang.StringBuilder::append (8 bytes)
Event: 9.313 Thread 0x00000000176a2800 nmethod 700 0x0000000002da7010 code [0x0000000002da7180, 0x0000000002da7328]
Event: 9.313 Thread 0x00000000176a2800  701       3       java.lang.AbstractStringBuilder::append (62 bytes)
Event: 9.315 Thread 0x00000000176a2800 nmethod 701 0x0000000002da6390 code [0x0000000002da6560, 0x0000000002da6c48]

GC Heap History (0 events):
No events

Deoptimization events (2 events):
Event: 7.688 Thread 0x0000000002a02800 Uncommon trap: reason=unstable_if action=reinterpret pc=0x0000000002c8e834 method=java.lang.String.indexOf([CII[CIII)I @ 123
Event: 8.238 Thread 0x0000000002a02800 Uncommon trap: reason=unstable_if action=reinterpret pc=0x0000000002c4fa8c method=java.lang.String.startsWith(Ljava/lang/String;I)Z @ 25

Internal exceptions (10 events):
Event: 7.805 Thread 0x0000000002a02800 Exception <a 'java/lang/NoSuchFieldError': method resolution failed> (0x00000000d626f210) thrown at [C:\re\workspace\8-2-build-windows-amd64-cygwin\jdk8u45\3627\hotspot\src\share\vm\prims\methodHandles.cpp, line 1125]
Event: 7.818 Thread 0x0000000002a02800 Exception <a 'java/lang/NoSuchFieldError': method resolution failed> (0x00000000d627d880) thrown at [C:\re\workspace\8-2-build-windows-amd64-cygwin\jdk8u45\3627\hotspot\src\share\vm\prims\methodHandles.cpp, line 1125]
Event: 7.952 Thread 0x0000000002a02800 Exception <a 'java/security/PrivilegedActionException'> (0x00000000d6330320) thrown at [C:\re\workspace\8-2-build-windows-amd64-cygwin\jdk8u45\3627\hotspot\src\share\vm\prims\jvm.cpp, line 1382]
Event: 7.952 Thread 0x0000000002a02800 Exception <a 'java/security/PrivilegedActionException'> (0x00000000d63304d8) thrown at [C:\re\workspace\8-2-build-windows-amd64-cygwin\jdk8u45\3627\hotspot\src\share\vm\prims\jvm.cpp, line 1382]
Event: 7.955 Thread 0x0000000002a02800 Exception <a 'java/security/PrivilegedActionException'> (0x00000000d6333fd0) thrown at [C:\re\workspace\8-2-build-windows-amd64-cygwin\jdk8u45\3627\hotspot\src\share\vm\prims\jvm.cpp, line 1382]
Event: 7.955 Thread 0x0000000002a02800 Exception <a 'java/security/PrivilegedActionException'> (0x00000000d6334188) thrown at [C:\re\workspace\8-2-build-windows-amd64-cygwin\jdk8u45\3627\hotspot\src\share\vm\prims\jvm.cpp, line 1382]
Event: 7.968 Thread 0x0000000002a02800 Exception <a 'java/io/FileNotFoundException'> (0x00000000d6336420) thrown at [C:\re\workspace\8-2-build-windows-amd64-cygwin\jdk8u45\3627\hotspot\src\share\vm\prims\jni.cpp, line 709]
Event: 8.173 Thread 0x0000000002a02800 Exception <a 'java/io/FileNotFoundException'> (0x00000000d63748e8) thrown at [C:\re\workspace\8-2-build-windows-amd64-cygwin\jdk8u45\3627\hotspot\src\share\vm\prims\jni.cpp, line 709]
Event: 8.659 Thread 0x0000000002a02800 Exception <a 'java/lang/NoSuchMethodError': java.lang.Object.lambda$0(Ljava/util/function/Consumer;Ljava/beans/PropertyChangeEvent;)V> (0x00000000d6574440) thrown at [C:\re\workspace\8-2-build-windows-amd64-cygwin\jdk8u45\3627\hotspot\src\share\vm\interpre”S=¢"@
Event: 9.317 Thread 0x0000000002a02800 Exception <a 'java/lang/NullPointerException'> (0x00000000d6797068) thrown at [C:\re\workspace\8-2-build-windows-amd64-cygwin\jdk8u45\3627\hotspot\src\share\vm\interpreter\linkResolver.cpp, line 1280]

Events (10 events):
Event: 1819.691 Executing VM operation: RedefineClasses
Event: 1819.705 Executing VM operation: RedefineClasses done
Event: 1819.788 Executing VM operation: ChangeBreakpoints
Event: 1819.789 Executing VM operation: ChangeBreakpoints done
Event: 1944.977 Executing VM operation: RedefineClasses
Event: 1944.990 Executing VM operation: RedefineClasses done
Event: 1945.110 Executing VM operation: ChangeBreakpoints
Event: 1945.111 Executing VM operation: ChangeBreakpoints done
Event: 2044.046 Executing VM operation: RedefineClasses
Event: 2044.062 Executing VM operation: RedefineClasses done


Dynamic libraries:
0x00007ff606bd0000 - 0x00007ff606c07000 	C:\Program Files\Java\jre1.8.0_45\bin\javaw.exe
0x00007fffb2920000 - 0x00007fffb2add000 	C:\WINDOWS\SYSTEM32\ntdll.dll
0x00007fffb1e10000 - 0x00007fffb1ebf000 	C:\WINDOWS\system32\KERNEL32.DLL
0x00007fffaf880000 - 0x00007fffafa56000 	C:\WINDOWS\system32\KERNELBASE.dll
0x00007fffb1890000 - 0x00007fffb1936000 	C:\WINDOWS\system32\ADVAPI32.dll
0x00007fffb1620000 - 0x00007fffb16bd000 	C:\WINDOWS\system32\msvcrt.dll
0x00007fffb1ae0000 - 0x00007fffb1b3a000 	C:\WINDOWS\system32\sechost.dll
0x00007fffb2380000 - 0x00007fffb24a6000 	C:\WINDOWS\system32\RPCRT4.dll
0x00007fffb1f90000 - 0x00007fffb20fc000 	C:\WINDOWS\system32\USER32.dll
0x00007fffb2660000 - 0x00007fffb27e1000 	C:\WINDOWS\system32\GDI32.dll
0x00007fff9f4d0000 - 0x00007fff9f73e000 	C:\WINDOWS\WinSxS\amd64_microsoft.windows.common-controls_6595b64144ccf1df_6.0.10074.4_none_82935f385fa05ec2\COMCTL32.dll
0x00007fffb1ba0000 - 0x00007fffb1bd5000 	C:\WINDOWS\system32\IMM32.DLL
0x00007fffb1c60000 - 0x00007fffb1dbc000 	C:\WINDOWS\system32\MSCTF.dll
0x0000000054b90000 - 0x0000000054c62000 	C:\Program Files\Java\jre1.8.0_45\bin\msvcr100.dll
0x0000000054d40000 - 0x00000000555c3000 	C:\Program Files\Java\jre1.8.0_45\bin\server\jvm.dll
0x00007fffb1f80000 - 0x00007fffb1f87000 	C:\WINDOWS\system32\PSAPI.DLL
0x00007fffad110000 - 0x00007fffad119000 	C:\WINDOWS\SYSTEM32\WSOCK32.dll
0x00007fffb1c00000 - 0x00007fffb1c5b000 	C:\WINDOWS\system32\WS2_32.dll
0x00007fffb2110000 - 0x00007fffb2118000 	C:\WINDOWS\system32\NSI.dll
0x00007fffa1da0000 - 0x00007fffa1dc2000 	C:\WINDOWS\SYSTEM32\WINMM.dll
0x00007fffa2c40000 - 0x00007fffa2c4a000 	C:\WINDOWS\SYSTEM32\VERSION.dll
0x00007fffa1d70000 - 0x00007fffa1d9b000 	C:\WINDOWS\SYSTEM32\WINMMBASE.dll
0x00007fffaf830000 - 0x00007fffaf874000 	C:\WINDOWS\system32\cfgmgr32.dll
0x00007fffaddb0000 - 0x00007fffaddd6000 	C:\WINDOWS\SYSTEM32\DEVOBJ.dll
0x0000000054d30000 - 0x0000000054d3f000 	C:\Program Files\Java\jre1.8.0_45\bin\verify.dll
0x0000000054d00000 - 0x0000000054d29000 	C:\Program Files\Java\jre1.8.0_45\bin\java.dll
0x00000000548e0000 - 0x0000000054915000 	C:\Program Files\Java\jre1.8.0_45\bin\jdwp.dll
0x00000000548d0000 - 0x00000000548d8000 	C:\Program Files\Java\jre1.8.0_45\bin\npt.dll
0x0000000054ce0000 - 0x0000000054cf6000 	C:\Program Files\Java\jre1.8.0_45\bin\zip.dll
0x00007fffb0210000 - 0x00007fffb161d000 	C:\WINDOWS\system32\SHELL32.dll
0x00007fffafa60000 - 0x00007fffb0034000 	C:\WINDOWS\system32\windows.storage.dll
0x00007fffb2120000 - 0x00007fffb2376000 	C:\WINDOWS\system32\combase.dll
0x00007fffb1dc0000 - 0x00007fffb1e10000 	C:\WINDOWS\system32\shlwapi.dll
0x00007fffaf590000 - 0x00007fffaf59e000 	C:\WINDOWS\system32\kernel.appcore.dll
0x00007fffaf780000 - 0x00007fffaf82c000 	C:\WINDOWS\system32\shcore.dll
0x00007fffaf520000 - 0x00007fffaf568000 	C:\WINDOWS\system32\powrprof.dll
0x00007fffaf500000 - 0x00007fffaf514000 	C:\WINDOWS\system32\profapi.dll
0x00000000548c0000 - 0x00000000548c9000 	C:\Program Files\Java\jre1.8.0_45\bin\dt_socket.dll
0x00007fffa06a0000 - 0x00007fffa06b5000 	C:\WINDOWS\system32\napinsp.dll
0x00007fffa0720000 - 0x00007fffa073a000 	C:\WINDOWS\system32\pnrpnsp.dll
0x00007fffac640000 - 0x00007fffac658000 	C:\WINDOWS\system32\NLAapi.dll
0x00007fffaed80000 - 0x00007fffaedd8000 	C:\WINDOWS\System32\mswsock.dll
0x00007fffaecc0000 - 0x00007fffaed61000 	C:\WINDOWS\SYSTEM32\DNSAPI.dll
0x00007fffa0740000 - 0x00007fffa074d000 	C:\WINDOWS\System32\winrnr.dll
0x00007fffaa3d0000 - 0x00007fffaa438000 	C:\WINDOWS\System32\fwpuclnt.dll
0x00007fffaf050000 - 0x00007fffaf078000 	C:\WINDOWS\SYSTEM32\bcrypt.dll
0x00007fffa3730000 - 0x00007fffa373a000 	C:\Windows\System32\rasadhlp.dll
0x00000000549f0000 - 0x0000000054b88000 	C:\Program Files\Java\jre1.8.0_45\bin\awt.dll
0x00007fffb1ec0000 - 0x00007fffb1f7e000 	C:\WINDOWS\system32\OLEAUT32.dll
0x00007fffadb00000 - 0x00007fffadb78000 	C:\WINDOWS\system32\apphelp.dll
0x00007fffadde0000 - 0x00007fffade6f000 	C:\WINDOWS\system32\uxtheme.dll
0x00007fffa35c0000 - 0x00007fffa3662000 	C:\Program Files\Common Files\microsoft shared\ink\tiptsf.dll
0x00007fffad9f0000 - 0x00007fffada15000 	C:\WINDOWS\SYSTEM32\edputil.dll
0x00007fffad300000 - 0x00007fffad64e000 	C:\WINDOWS\SYSTEM32\iertutil.dll
0x00007fffad700000 - 0x00007fffad825000 	C:\WINDOWS\SYSTEM32\wintypes.dll
0x00007fffaede0000 - 0x00007fffaedf6000 	C:\WINDOWS\SYSTEM32\CRYPTSP.dll
0x00007fffac5e0000 - 0x00007fffac600000 	C:\WINDOWS\system32\dwmapi.dll
0x00007fffade70000 - 0x00007fffadf39000 	C:\WINDOWS\system32\dcomp.dll
0x00007fffb1940000 - 0x00007fffb1a7b000 	C:\WINDOWS\system32\ole32.dll
0x00007fffaf350000 - 0x00007fffaf3b8000 	C:\WINDOWS\SYSTEM32\bcryptPrimitives.dll
0x00000000549a0000 - 0x00000000549e7000 	C:\Program Files\Java\jre1.8.0_45\bin\fontmanager.dll
0x0000000054cc0000 - 0x0000000054cda000 	C:\Program Files\Java\jre1.8.0_45\bin\net.dll
0x0000000054ca0000 - 0x0000000054cb1000 	C:\Program Files\Java\jre1.8.0_45\bin\nio.dll
0x0000000054950000 - 0x0000000054991000 	C:\Program Files\Java\jre1.8.0_45\bin\t2k.dll
0x00007fffac1e0000 - 0x00007fffac363000 	C:\WINDOWS\SYSTEM32\dbghelp.dll

VM Arguments:
jvm_args: -agentlib:jdwp=transport=dt_socket,suspend=y,address=localhost:58614 -Dfile.encoding=Cp1252 
java_command: ch.fhnw.cantoneditor.main.Program
java_class_path (initial): E:\Code\Eclipse\CantonEditor\cantoneditor\target\classes;E:\Code\Eclipse\CantonEditor\cantoneditor\Ressourcen\lib\miglayout\miglayout-core-4.2-sources.jar;E:\Code\Eclipse\CantonEditor\cantoneditor\Ressourcen\lib\miglayout\miglayout-core-4.2.jar;E:\Code\Eclipse\CantonEditor\cantoneditor\Ressourcen\lib\miglayout\miglayout-swing-4.2-javadoc.jar;E:\Code\Eclipse\CantonEditor\cantoneditor\Ressourcen\lib\miglayout\miglayout-swing-4.2-sources.jar;E:\Code\Eclipse\CantonEditor\cantoneditor\Ressourcen\lib\miglayout\miglayout-swing-4.2.jar;E:\Code\Eclipse\CantonEditor\cantoneditor\Ressourcen\lib\JTattoo.jar;E:\Code\Eclipse\CantonEditor\cantoneditor\Ressourcen\lib\synthetica.jar;E:\Code\Eclipse\CantonEditor\cantoneditor\Ressourcen\lib\syntheticaAluOxide.jar;E:\Code\Eclipse\CantonEditor\cantoneditor\Ressourcen\lib\syntheticaBlackEye.jar;E:\Code\Eclipse\CantonEditor\cantoneditor\Ressourcen\lib\timingframework-classic-1.1.jar;C:\Users\Adrian\.m2\repository\com\miglayout\miglayout\3.7.4\miglayout-3.7.4.jar;C:\Users\Adrian\.m2\repository\com\google\code\gson\gson\2.3.1\gson-2.3.1.jar;C:\Users\Adrian\.m2\repository\commons-beanutils\commons-beanutils\1.9.2\commons-beanutils-1.9.2.jar;C:\Users\Adrian\.m2\repository\commons-logging\commons-logging\1.1.1\commons-logging-1.1.1.jar;C:\Users\Adrian\.m2\repository\commons-collections\commons-collections\3.2.1\commons-collections-3.2.1.jar;C:\Users\Adrian\.m2\repository\net\sf\opencsv\opencsv\2.3\opencsv-2.3.jar;C:\Users\Adrian\.m2\repository\com\cedarsoftware\json-io\2.9.3\json-io-2.9.3.jar
Launcher Type: SUN_STANDARD

Environment Variables:
JAVA_HOME=C:\Program Files\Java\jdk1.8.0_31
PATH=C:/Program Files/Java/jre1.8.0_45/bin/server;C:/Program Files/Java/jre1.8.0_45/bin;C:/Program Files/Java/jre1.8.0_45/lib/amd64;C:\ProgramData\Oracle\Java\javapath;C:\WINDOWS\system32;C:\WINDOWS;C:\WINDOWS\System32\Wbem;C:\WINDOWS\System32\WindowsPowerShell\v1.0\;C:\Program Files\Microsoft SQL Server\120\Tools\Binn\;G:\Programs\Matlab\bin;C:\Program Files (x86)\GtkSharp\2.12\bin;C:\Program Files\nodejs\;G:\Programs\apache-maven-3.2.5\bin;G:\Programs\git\cmd;%USERPROFILE%\.dnx\bin;C:\Program Files\Microsoft DNX\Dnvm\;C:\Program Files (x86)\Windows Kits\8.1\Windows Performance Toolkit\;C:\Users\Adrian\AppData\Roaming\npm;C:\Users\Adrian\AppData\Local\Code\bin;G:\Programs\eclipse;
USERNAME=Adrian
OS=Windows_NT
PROCESSOR_IDENTIFIER=Intel64 Family 6 Model 69 Stepping 1, GenuineIntel



---------------  S Y S T E M  ---------------

OS: Windows 10.0 , 64 bit Build 10074 (10.0.10074.0)

CPU:total 4 (2 cores per cpu, 2 threads per core) family 6 model 69 stepping 1, cmov, cx8, fxsr, mmx, sse, sse2, sse3, ssse3, sse4.1, sse4.2, popcnt, avx, avx2, aes, clmul, erms, lzcnt, ht, tsc, tscinvbit, bmi1, bmi2

Memory: 4k page, physical 8302620k(3395204k free), swap 9897380k(3058536k free)

vm_info: Java HotSpot(TM) 64-Bit Server VM (25.45-b02) for windows-amd64 JRE (1.8.0_45-b15), built on Apr 30 2015 12:40:44 by "java_re" with MS VC++ 10.0 (VS2010)

time: Tue May 26 10:26:06 2015
elapsed time: 2044 seconds (0d 0h 34m 4s)

